Change Component Designator: Old Designator=1 New Designator=1
Change Component Designator: Old Designator=2 New Designator=2
Change Component Designator: Old Designator=3 New Designator=3
Change Component Designator: Old Designator=C2 New Designator=C2
Change Component Designator: Old Designator=C22 New Designator=C22
Change Component Designator: Old Designator=C22 New Designator=C22
Change Component Designator: Old Designator=C23 New Designator=C23
Change Component Designator: Old Designator=C39 New Designator=C39
Change Component Designator: Old Designator=C42 New Designator=C42
Change Component Designator: Old Designator=R1 New Designator=R1
Change Component Designator: Old Designator=R2 New Designator=R2
Change Component Designator: Old Designator=R3 New Designator=R3
Change Component Designator: Old Designator=R19 New Designator=R19
Change Component Designator: Old Designator=R19 New Designator=R19
Change Component Designator: Old Designator=R25 New Designator=R25
Change Component Designator: Old Designator=U2 New Designator=U2
Change Component Designator: Old Designator=U3 New Designator=U3
Change Component Designator: Old Designator=U4 New Designator=U4
Change Component Designator: Old Designator=U16 New Designator=U16
Change Component Designator: Old Designator=U17 New Designator=U17
Change Component Designator: Old Designator=VD25 New Designator=VD25
Change Component Designator: Old Designator=VD28 New Designator=VD28
Change Component Designator: Old Designator=Y5 New Designator=Y5
