Change Component Designator: Old Designator=A1 New Designator=A1
Change Component Designator: Old Designator=C35 New Designator=C35
Change Component Designator: Old Designator=C36 New Designator=C36
Change Component Designator: Old Designator=C51 New Designator=C51
Change Component Designator: Old Designator=C52 New Designator=C52
Change Component Designator: Old Designator=C55 New Designator=C55
Change Component Designator: Old Designator=C56 New Designator=C56
Change Component Designator: Old Designator=C57 New Designator=C57
Change Component Designator: Old Designator=C58 New Designator=C58
Change Component Designator: Old Designator=C60 New Designator=C60
Change Component Designator: Old Designator=JP1 New Designator=JP1
Change Component Designator: Old Designator=JP6 New Designator=JP6
Change Component Designator: Old Designator=Q7 New Designator=Q7
Change Component Designator: Old Designator=R39 New Designator=R39
Change Component Designator: Old Designator=R42 New Designator=R42
Change Component Designator: Old Designator=R42 New Designator=R42
Change Component Designator: Old Designator=R43 New Designator=R43
Change Component Designator: Old Designator=R95 New Designator=R95
Change Component Designator: Old Designator=R96 New Designator=R96
Change Component Designator: Old Designator=U23 New Designator=U23
Change Component Designator: Old Designator=Y1 New Designator=Y1
Change Component Designator: Old Designator=Y3 New Designator=Y3
