Added Component: Designator=C19(_1206)
Added Component: Designator=C20(_1206)
Added Component: Designator=R21(_1206)
Added Component: Designator=R22(_1206)
Added Component: Designator=R23(_1206)
Added Component: Designator=R24(_1206)
Change Net Name : Old Net Name=NetBT500_2 New Net Name=P2_9
Added Pin To Net: NetName=UU1 Pin=C19-1
Added Pin To Net: NetName=GND Pin=C19-2
Added Pin To Net: NetName=UU2 Pin=C20-1
Added Pin To Net: NetName=GND Pin=C20-2
Added Pin To Net: NetName=CANH Pin=JP1-1
Added Pin To Net: NetName=CANH Pin=JP1-2
Added Pin To Net: NetName=CANL Pin=JP1-3
Added Pin To Net: NetName=CANL Pin=JP1-4
Added Pin To Net: NetName=GND_CAN Pin=JP1-5
Added Pin To Net: NetName=UB1 Pin=JP1-9
Added Pin To Net: NetName=UB2 Pin=JP1-10
Added Pin To Net: NetName=UU1 Pin=R21-1
Added Pin To Net: NetName=UB1 Pin=R21-2
Added Pin To Net: NetName=UU1 Pin=R22-1
Added Pin To Net: NetName=GND Pin=R22-2
Added Pin To Net: NetName=UU2 Pin=R23-1
Added Pin To Net: NetName=UB2 Pin=R23-2
Added Pin To Net: NetName=UU2 Pin=R24-1
Added Pin To Net: NetName=GND Pin=R24-2
Added Member To Class: ClassName=cpu_board Member=Component C19 1.0
Added Member To Class: ClassName=cpu_board Member=Component C20 1.0
Added Member To Class: ClassName=cpu_board Member=Component R21 33K
Added Member To Class: ClassName=cpu_board Member=Component R22 1K0
Added Member To Class: ClassName=cpu_board Member=Component R23 33K
Added Member To Class: ClassName=cpu_board Member=Component R24 1K0
