Added Component: Designator=?(PIN2R)
Added Component: Designator=?(PIN2R)
Added Component: Designator=?(PIN2R)
Added Component: Designator=A?(zumm)
Added Component: Designator=C1(_1206)
Added Component: Designator=C3(_1206)
Added Component: Designator=C4(_1206)
Added Component: Designator=C7(_1206)
Added Component: Designator=C8(_1206)
Added Component: Designator=C9(_1206)
Added Component: Designator=C10(_1206)
Added Component: Designator=C11(_1206)
Added Component: Designator=C12(_1206)
Added Component: Designator=C13(_1206)
Added Component: Designator=C14(_1206)
Added Component: Designator=C15(_1206)
Added Component: Designator=C16(_1206)
Added Component: Designator=C?(_1206)
Added Component: Designator=JP2(HDR2X10)
Added Component: Designator=JP?(HDR2X5)
Added Component: Designator=Q1(SO-G3)
Added Component: Designator=R1(_1206)
Added Component: Designator=R2(_1206)
Added Component: Designator=R4(_1206)
Added Component: Designator=R5(JVR07N)
Added Component: Designator=R6(JVR07N)
Added Component: Designator=R7(_1206)
Added Component: Designator=R8(_1206)
Added Component: Designator=R9(_1206)
Added Component: Designator=R10(_1206)
Added Component: Designator=R11(_1206)
Added Component: Designator=R12(_1206)
Added Component: Designator=R?(_1206)
Added Component: Designator=U1(SO-G16/D10.4)
Added Component: Designator=U3(SO-G8/D5)
Added Component: Designator=U4(SO-G5/P.95)
Added Component: Designator=U5(II1304042101)
Added Component: Designator=U7(SO-G8/D5)
Added Component: Designator=U8(SO-G5/P.95)
Added Component: Designator=U9(II1304042101)
Added Component: Designator=U10(SO-G16/D10.4)
Added Component: Designator=Y1(QWARZ1)
Added Component: Designator=Y2(QWARZ2)
Added Component: Designator=Y?(QWARZ1)
Change Net Name : Old Net Name=+1.8V New Net Name=VREF
Change Net Name : Old Net Name=+3.3V New Net Name=P2_9
Added Pin To Net: NetName=GND_CAN Pin=?-1
Added Pin To Net: NetName=GND_CAN Pin=C1-2
Added Pin To Net: NetName=GND_CAN Pin=C3-2
Added Pin To Net: NetName=GND_CAN Pin=R5-2
Added Pin To Net: NetName=GND_CAN Pin=R6-1
Added Pin To Net: NetName=GND_CAN Pin=U1-9
Added Pin To Net: NetName=GND_CAN Pin=U1-15
Added Pin To Net: NetName=GND_CAN Pin=U3-2
Added Pin To Net: NetName=GND_CAN Pin=U3-8
Added Pin To Net: NetName=GND_CAN Pin=U10-9
Added Pin To Net: NetName=GND_CAN Pin=U10-15
Added Net: Name=GND_CAN
Added Pin To Net: NetName=Net?_1 Pin=?-1
Added Pin To Net: NetName=Net?_1 Pin=R4-2
Added Pin To Net: NetName=Net?_1 Pin=R6-2
Added Pin To Net: NetName=Net?_1 Pin=U3-6
Added Net: Name=Net?_1
Added Pin To Net: NetName=Net?_1 Pin=?-1
Added Pin To Net: NetName=Net?_1 Pin=R5-1
Added Pin To Net: NetName=Net?_1 Pin=R?-1
Added Pin To Net: NetName=Net?_1 Pin=U3-7
Added Net: Name=Net?_1
Added Pin To Net: NetName=NetA?_2 Pin=A?-2
Added Pin To Net: NetName=NetA?_2 Pin=R8-1
Added Net: Name=NetA?_2
Added Pin To Net: NetName=NetC1_1 Pin=C1-1
Added Pin To Net: NetName=NetC1_1 Pin=R4-1
Added Pin To Net: NetName=NetC1_1 Pin=R?-2
Added Net: Name=NetC1_1
Added Pin To Net: NetName=NetC3_1 Pin=C3-1
Added Pin To Net: NetName=NetC3_1 Pin=U1-16
Added Pin To Net: NetName=NetC3_1 Pin=U3-3
Added Net: Name=NetC3_1
Added Pin To Net: NetName=NetC4_2 Pin=C4-2
Added Pin To Net: NetName=NetC4_2 Pin=Y1-1
Added Net: Name=NetC4_2
Added Pin To Net: NetName=NetC7_2 Pin=C7-2
Added Pin To Net: NetName=NetC7_2 Pin=Y2-1
Added Net: Name=NetC7_2
Added Pin To Net: NetName=NetC8_2 Pin=C8-2
Added Pin To Net: NetName=NetC8_2 Pin=Y2-2
Added Net: Name=NetC8_2
Added Pin To Net: NetName=NetC9_2 Pin=C9-2
Added Pin To Net: NetName=NetC9_2 Pin=Y?-1
Added Net: Name=NetC9_2
Added Pin To Net: NetName=NetC10_2 Pin=C10-2
Added Pin To Net: NetName=NetC10_2 Pin=Y?-2
Added Net: Name=NetC10_2
Added Pin To Net: NetName=NetC16_2 Pin=C16-2
Added Pin To Net: NetName=NetC16_2 Pin=U10-5
Added Net: Name=NetC16_2
Added Pin To Net: NetName=NetC18_2 Pin=U10-16
Added Net: Name=NetC18_2
Added Pin To Net: NetName=NetC?_2 Pin=C?-2
Added Pin To Net: NetName=NetC?_2 Pin=Y1-2
Added Net: Name=NetC?_2
Added Pin To Net: NetName=NetQ1_3 Pin=Q1-3
Added Pin To Net: NetName=NetQ1_3 Pin=R8-2
Added Net: Name=NetQ1_3
Added Pin To Net: NetName=NetR1_2 Pin=R1-2
Added Pin To Net: NetName=NetR1_2 Pin=U1-3
Added Net: Name=NetR1_2
Added Pin To Net: NetName=NetR2_2 Pin=R2-2
Added Pin To Net: NetName=NetR2_2 Pin=U1-5
Added Net: Name=NetR2_2
Added Pin To Net: NetName=NetR11_1 Pin=R11-1
Added Pin To Net: NetName=NetR11_1 Pin=U7-3
Added Net: Name=NetR11_1
Added Pin To Net: NetName=NetR12_2 Pin=R12-2
Added Pin To Net: NetName=NetR12_2 Pin=U7-7
Added Net: Name=NetR12_2
Added Pin To Net: NetName=NetU1_12 Pin=U1-12
Added Pin To Net: NetName=NetU1_12 Pin=U3-4
Added Net: Name=NetU1_12
Added Pin To Net: NetName=NetU1_14 Pin=U1-14
Added Pin To Net: NetName=NetU1_14 Pin=U3-1
Added Net: Name=NetU1_14
Added Pin To Net: NetName=NetU4_1 Pin=U4-1
Added Pin To Net: NetName=NetU4_1 Pin=U5-3
Added Net: Name=NetU4_1
Added Pin To Net: NetName=NetU4_3 Pin=U4-3
Added Pin To Net: NetName=NetU4_3 Pin=U5-1
Added Net: Name=NetU4_3
Added Pin To Net: NetName=NetU5_4 Pin=U5-4
Added Net: Name=NetU5_4
Added Pin To Net: NetName=NetU5_6 Pin=U5-6
Added Net: Name=NetU5_6
Added Pin To Net: NetName=NetU8_1 Pin=U8-1
Added Pin To Net: NetName=NetU8_1 Pin=U9-3
Added Net: Name=NetU8_1
Added Pin To Net: NetName=NetU9_4 Pin=U9-4
Added Net: Name=NetU9_4
Added Pin To Net: NetName=NetU9_6 Pin=U9-6
Added Net: Name=NetU9_6
Added Pin To Net: NetName=+5V Pin=A?-1
Added Pin To Net: NetName=GND Pin=C4-1
Added Pin To Net: NetName=GND Pin=C7-1
Added Pin To Net: NetName=GND Pin=C8-1
Added Pin To Net: NetName=GND Pin=C9-1
Added Pin To Net: NetName=GND Pin=C10-1
Added Pin To Net: NetName=GND Pin=C11-1
Added Pin To Net: NetName=NetC11_2 Pin=C11-2
Added Pin To Net: NetName=GND Pin=C12-1
Added Pin To Net: NetName=-5V Pin=C12-2
Added Pin To Net: NetName=GND Pin=C13-1
Added Pin To Net: NetName=+5V Pin=C13-2
Added Pin To Net: NetName=GND Pin=C14-1
Added Pin To Net: NetName=+3V3 Pin=C14-2
Added Pin To Net: NetName=GND Pin=C15-1
Added Pin To Net: NetName=+5V Pin=C15-2
Added Pin To Net: NetName=GND Pin=C16-1
Added Pin To Net: NetName=GND Pin=C?-1
Added Pin To Net: NetName=GND Pin=JP2-1
Added Pin To Net: NetName=GND Pin=JP2-2
Added Pin To Net: NetName=+5V Pin=JP2-3
Added Pin To Net: NetName=+5V Pin=JP2-4
Added Pin To Net: NetName=-5V Pin=JP2-6
Added Pin To Net: NetName=NetQ1_1 Pin=Q1-1
Added Pin To Net: NetName=GND Pin=Q1-2
Added Pin To Net: NetName=+3V3 Pin=R7-1
Added Pin To Net: NetName=NetC11_2 Pin=R7-2
Added Pin To Net: NetName=NetQ1_1 Pin=R9-1
Added Pin To Net: NetName=NetQ1_1 Pin=R10-1
Added Pin To Net: NetName=GND Pin=R10-2
Added Pin To Net: NetName=+5V Pin=R11-2
Added Pin To Net: NetName=+5V Pin=R12-1
Added Pin To Net: NetName=+5V Pin=U1-1
Added Pin To Net: NetName=GND Pin=U1-2
Added Pin To Net: NetName=GND Pin=U1-8
Added Pin To Net: NetName=+5V Pin=U4-2
Added Pin To Net: NetName=GND Pin=U4-4
Added Pin To Net: NetName=GND Pin=U4-5
Added Pin To Net: NetName=+5V Pin=U5-2
Added Pin To Net: NetName=GND Pin=U7-4
Added Pin To Net: NetName=+5V Pin=U7-8
Added Pin To Net: NetName=+5V Pin=U8-2
Added Pin To Net: NetName=NetU8_3 Pin=U8-3
Added Pin To Net: NetName=GND Pin=U8-4
Added Pin To Net: NetName=GND Pin=U8-5
Added Pin To Net: NetName=NetU8_3 Pin=U9-1
Added Pin To Net: NetName=+5V Pin=U9-2
Added Pin To Net: NetName=+5V Pin=U10-1
Added Pin To Net: NetName=GND Pin=U10-2
Added Pin To Net: NetName=GND Pin=U10-4
Added Pin To Net: NetName=+5V Pin=U10-7
Added Pin To Net: NetName=GND Pin=U10-8
Added Class: Name=CAN
Added Class: Name=RS485
Added Class: Name=cpu_board
Added Room: Name=CAN
Added Room: Name=RS485
Added Room: Name=cpu_board
