Added Component: Designator=D6(el3)
Added Component: Designator=D7(el3)
Added Component: Designator=D8(el3)
Added Component: Designator=D9(el3)
Added Component: Designator=R17(_1206)
Added Component: Designator=R18(_1206)
Added Component: Designator=R19(_1206)
Added Component: Designator=R20(_1206)
Change Net Name : Old Net Name=DT4 New Net Name=P2_9
Added Pin To Net: NetName=NetD6_2 Pin=D6-2
Added Pin To Net: NetName=NetD6_2 Pin=R17-2
Added Net: Name=NetD6_2
Added Pin To Net: NetName=NetD7_2 Pin=D7-2
Added Pin To Net: NetName=NetD7_2 Pin=R18-2
Added Net: Name=NetD7_2
Added Pin To Net: NetName=NetD8_2 Pin=D8-2
Added Pin To Net: NetName=NetD8_2 Pin=R19-2
Added Net: Name=NetD8_2
Added Pin To Net: NetName=NetD9_2 Pin=D9-2
Added Pin To Net: NetName=NetD9_2 Pin=R20-2
Added Net: Name=NetD9_2
Added Pin To Net: NetName=+3V3 Pin=D6-1
Added Pin To Net: NetName=+3V3 Pin=D7-1
Added Pin To Net: NetName=+3V3 Pin=D8-1
Added Pin To Net: NetName=+3V3 Pin=D9-1
Added Member To Class: ClassName=cpu_board Member=Component D6 LED0
Added Member To Class: ClassName=cpu_board Member=Component D7 LED0
Added Member To Class: ClassName=cpu_board Member=Component D8 LED0
Added Member To Class: ClassName=cpu_board Member=Component D9 LED0
Added Member To Class: ClassName=cpu_board Member=Component R17 1K0
Added Member To Class: ClassName=cpu_board Member=Component R18 1K0
Added Member To Class: ClassName=cpu_board Member=Component R19 1K0
Added Member To Class: ClassName=cpu_board Member=Component R20 1K0
