Change Component Designator: Old Designator=C7 New Designator=C7
Change Component Designator: Old Designator=C8 New Designator=C8
Change Component Designator: Old Designator=C9 New Designator=C9
Change Component Designator: Old Designator=C10 New Designator=C10
Change Component Designator: Old Designator=C11 New Designator=C11
Change Component Designator: Old Designator=C12 New Designator=C12
Change Component Designator: Old Designator=C13 New Designator=C13
Change Component Designator: Old Designator=C14 New Designator=C14
Change Component Designator: Old Designator=C15 New Designator=C15
Change Component Designator: Old Designator=JP2 New Designator=JP2
Change Component Designator: Old Designator=Q1 New Designator=Q1
Change Component Designator: Old Designator=R7 New Designator=R7
Change Component Designator: Old Designator=R8 New Designator=R8
Change Component Designator: Old Designator=R9 New Designator=R9
Change Component Designator: Old Designator=R10 New Designator=R10
Change Component Designator: Old Designator=R11 New Designator=R11
Change Component Designator: Old Designator=R12 New Designator=R12
Change Component Designator: Old Designator=U6 New Designator=U6
Change Component Designator: Old Designator=U7 New Designator=U7
Change Component Designator: Old Designator=Y2 New Designator=Y2
