Added Component: Designator=U6(F-QFP10X10-G64/N)
Change Net Name : Old Net Name=+IAKB2 New Net Name=VREF
Change Net Name : Old Net Name=-5V_IZ New Net Name=P2_9
Added Pin To Net: NetName=Net1_1 Pin=1-1
Added Pin To Net: NetName=Net2_1 Pin=2-1
Added Pin To Net: NetName=NetC7_2 Pin=U6-3
Added Pin To Net: NetName=NetC8_2 Pin=U6-4
Added Pin To Net: NetName=NetC9_2 Pin=U6-5
Added Pin To Net: NetName=NetC10_2 Pin=U6-6
Added Pin To Net: NetName=GND Pin=U6-12
Added Pin To Net: NetName=NetC11_2 Pin=U6-13
Added Pin To Net: NetName=GND Pin=U6-18
Added Pin To Net: NetName=+3V3 Pin=U6-19
Added Pin To Net: NetName=GND Pin=U6-31
Added Pin To Net: NetName=+3V3 Pin=U6-32
Added Pin To Net: NetName=GND Pin=U6-47
Added Pin To Net: NetName=+3V3 Pin=U6-48
Added Pin To Net: NetName=GND Pin=U6-63
Added Pin To Net: NetName=+3V3 Pin=U6-64
Added Member To Class: ClassName=CAN Member=Component 1 
Added Member To Class: ClassName=cpu_board Member=Component U6 STM32F103RC
Added Room: Name=CAN
Added Room: Name=RS485
Added Room: Name=cpu_board
